<?xml version="1.0" encoding="UTF-8"?>
<testng-results skipped="0" failed="0" total="2" passed="2">
  <reporter-output>
  </reporter-output>
  <suite name="Default suite" duration-ms="42" started-at="2021-08-01T11:02:28Z" finished-at="2021-08-01T11:02:29Z">
    <groups>
    </groups>
    <test name="Default test" duration-ms="42" started-at="2021-08-01T11:02:28Z" finished-at="2021-08-01T11:02:29Z">
      <class name="testDemo.DemoTest">
        <test-method status="PASS" signature="Sub()[pri:0, instance:testDemo.DemoTest@69b199]" name="Sub" duration-ms="20" started-at="2021-08-01T16:32:28Z" finished-at="2021-08-01T16:32:29Z">
          <reporter-output>
          </reporter-output>
        </test-method> <!-- Sub -->
        <test-method status="PASS" signature="Sum()[pri:0, instance:testDemo.DemoTest@69b199]" name="Sum" duration-ms="0" started-at="2021-08-01T16:32:29Z" finished-at="2021-08-01T16:32:29Z">
          <reporter-output>
          </reporter-output>
        </test-method> <!-- Sum -->
      </class> <!-- testDemo.DemoTest -->
    </test> <!-- Default test -->
  </suite> <!-- Default suite -->
</testng-results>
